<?xml version="1.0" encoding="UTF-8"?>
<!-- Generated by org.testng.reporters.JUnitReportReporter -->
<testsuite hostname="KARTIK-815LIVSQ" failures="0" tests="1" name="testScripts.AddAddressTest" time="39.625" errors="0" timestamp="2023-08-24T11:04:34 IST" skipped="0">
  <testcase classname="testScripts.AddAddressTest" name="loginShoppersStack" time="39.625"/>
  <system-out/>
</testsuite> <!-- testScripts.AddAddressTest -->
